<?xml version="1.0" encoding="UTF-8"?>
<testsuite xmlns:xsi="http://www.w3.org/2001/XMLSchema-instance" xsi:noNamespaceSchemaLocation="https://maven.apache.org/surefire/maven-surefire-plugin/xsd/surefire-test-report-3.0.xsd" version="3.0" name="TestSuite" time="4.926" tests="2" errors="0" skipped="0" failures="0">
  <properties>
[...]
</properties>
  <testcase name="runScenario[&quot;Get all group from catalogs&quot;, &quot;API Group&quot;](1)" classname="com.juaracoding.apitest.runners.Runner" time="3.191">
    <system-out><![CDATA[APIGroupListTest::prepareHeader
APIGroupListTest::accessGroups
APIGroupListTest::receivedFromServer
]]></system-out>
    <system-err><![CDATA[SLF4J: Failed to load class "org.slf4j.impl.StaticLoggerBinder".
SLF4J: Defaulting to no-operation (NOP) logger implementation
SLF4J: See http://www.slf4j.org/codes.html#StaticLoggerBinder for further details.
]]></system-err>
  </testcase>
  <testcase name="runScenario[&quot;Create group with payload&quot;, &quot;API Group&quot;](2)" classname="com.juaracoding.apitest.runners.Runner" time="0.205"/>
</testsuite>