<?xml version="1.0" encoding="UTF-8"?>
<testng-results ignored="0" total="2" passed="2" failed="0" skipped="0">
  <reporter-output>
  </reporter-output>
  <suite started-at="2025-06-05T21:21:39 ICT" name="Test Suite" finished-at="2025-06-05T21:21:43 ICT" duration-ms="3810">
    <groups>
      <group name="cucumber">
        <method signature="AbstractTestNGCucumberTests.runScenario(io.cucumber.testng.PickleWrapper,io.cucumber.testng.FeatureWrapper)[pri:0, instance:com.juaracoding.apitest.runners.Runner@65c7a252]" name="runScenario" class="io.cucumber.testng.AbstractTestNGCucumberTests"/>
      </group> <!-- cucumber -->
    </groups>
    <test started-at="2025-06-05T21:21:39 ICT" name="Test" finished-at="2025-06-05T21:21:43 ICT" duration-ms="3810">
      <class name="com.juaracoding.apitest.runners.Runner">
        <test-method is-config="true" signature="setUpClass(org.testng.ITestContext)[pri:0, instance:com.juaracoding.apitest.runners.Runner@65c7a252]" started-at="2025-06-05T21:21:40 ICT" name="setUpClass" finished-at="2025-06-05T21:21:40 ICT" duration-ms="324" status="PASS">
          <params>
            <param index="0">
              <value>
                <![CDATA[org.testng.TestRunner@7aaad0]]>
              </value>
            </param>
          </params>
          <reporter-output>
          </reporter-output>
        </test-method> <!-- setUpClass -->
        <test-method signature="runScenario(io.cucumber.testng.PickleWrapper,io.cucumber.testng.FeatureWrapper)[pri:0, instance:com.juaracoding.apitest.runners.Runner@65c7a252]" started-at="2025-06-05T21:21:40 ICT" name="runScenario" description="Runs Cucumber Scenarios" data-provider="scenarios" finished-at="2025-06-05T21:21:43 ICT" duration-ms="3189" status="PASS">
          <params>
            <param index="0">
              <value>
                <![CDATA["Get all group from catalogs"]]>
              </value>
            </param>
            <param index="1">
              <value>
                <![CDATA["API Group"]]>
              </value>
            </param>
          </params>
          <reporter-output>
          </reporter-output>
        </test-method> <!-- runScenario -->
        <test-method signature="runScenario(io.cucumber.testng.PickleWrapper,io.cucumber.testng.FeatureWrapper)[pri:0, instance:com.juaracoding.apitest.runners.Runner@65c7a252]" started-at="2025-06-05T21:21:43 ICT" name="runScenario" description="Runs Cucumber Scenarios" data-provider="scenarios" finished-at="2025-06-05T21:21:43 ICT" duration-ms="208" status="PASS">
          <params>
            <param index="0">
              <value>
                <![CDATA["Create group with payload"]]>
              </value>
            </param>
            <param index="1">
              <value>
                <![CDATA["API Group"]]>
              </value>
            </param>
          </params>
          <reporter-output>
          </reporter-output>
        </test-method> <!-- runScenario -->
        <test-method is-config="true" signature="tearDownClass()[pri:0, instance:com.juaracoding.apitest.runners.Runner@65c7a252]" started-at="2025-06-05T21:21:43 ICT" name="tearDownClass" finished-at="2025-06-05T21:21:43 ICT" duration-ms="10" status="PASS">
          <reporter-output>
          </reporter-output>
        </test-method> <!-- tearDownClass -->
      </class> <!-- com.juaracoding.apitest.runners.Runner -->
    </test> <!-- Test -->
  </suite> <!-- Test Suite -->
</testng-results>
